<?xml version="1.0" encoding="utf-8"?><testsuites name="pytest tests"><testsuite name="pytest" errors="0" failures="0" skipped="0" tests="49" time="0.264" timestamp="2026-08-04T11:53:12.384689+00:00" hostname="agent-env-ea485c6a-d70d-479a-a125-087772306848"><testcase classname="backend.tests.test_cors_iteration_24" name="test_options_preflight_allowed_origin[/api/devices-https://malta.quakeangel.app]" time="0.003" /><testcase classname="backend.tests.test_cors_iteration_24" name="test_options_preflight_allowed_origin[/api/devices-https://safequake.onrender.com]" time="0.002" /><testcase classname="backend.tests.test_cors_iteration_24" name="test_options_preflight_allowed_origin[/api/devices-https://quakeangel.app]" time="0.002" /><testcase classname="backend.tests.test_cors_iteration_24" name="test_options_preflight_allowed_origin[/api/devices-https://www.quakeangel.app]" time="0.002" /><testcase classname="backend.tests.test_cors_iteration_24" name="test_options_preflight_allowed_origin[/api/devices-https://london.quakeangel.app]" time="0.002" /><testcase classname="backend.tests.test_cors_iteration_24" name="test_options_preflight_allowed_origin[/api/devices-http://localhost:5173]" time="0.001" /><testcase classname="backend.tests.test_cors_iteration_24" name="test_options_preflight_allowed_origin[/api/audit?limit=50-https://malta.quakeangel.app]" time="0.001" /><testcase classname="backend.tests.test_cors_iteration_24" name="test_options_preflight_allowed_origin[/api/audit?limit=50-https://safequake.onrender.com]" time="0.001" /><testcase classname="backend.tests.test_cors_iteration_24" name="test_options_preflight_allowed_origin[/api/audit?limit=50-https://quakeangel.app]" time="0.001" /><testcase classname="backend.tests.test_cors_iteration_24" name="test_options_preflight_allowed_origin[/api/audit?limit=50-https://www.quakeangel.app]" time="0.001" /><testcase classname="backend.tests.test_cors_iteration_24" name="test_options_preflight_allowed_origin[/api/audit?limit=50-https://london.quakeangel.app]" time="0.001" /><testcase classname="backend.tests.test_cors_iteration_24" name="test_options_preflight_allowed_origin[/api/audit?limit=50-http://localhost:5173]" time="0.001" /><testcase classname="backend.tests.test_cors_iteration_24" name="test_get_actual_request_allowed_origin[/api/devices-https://malta.quakeangel.app]" time="0.006" /><testcase classname="backend.tests.test_cors_iteration_24" name="test_get_actual_request_allowed_origin[/api/devices-https://safequake.onrender.com]" time="0.003" /><testcase classname="backend.tests.test_cors_iteration_24" name="test_get_actual_request_allowed_origin[/api/devices-https://quakeangel.app]" time="0.002" /><testcase classname="backend.tests.test_cors_iteration_24" name="test_get_actual_request_allowed_origin[/api/devices-https://www.quakeangel.app]" time="0.002" /><testcase classname="backend.tests.test_cors_iteration_24" name="test_get_actual_request_allowed_origin[/api/devices-https://london.quakeangel.app]" time="0.002" /><testcase classname="backend.tests.test_cors_iteration_24" name="test_get_actual_request_allowed_origin[/api/devices-http://localhost:5173]" time="0.003" /><testcase classname="backend.tests.test_cors_iteration_24" name="test_get_actual_request_allowed_origin[/api/audit?limit=50-https://malta.quakeangel.app]" time="0.006" /><testcase classname="backend.tests.test_cors_iteration_24" name="test_get_actual_request_allowed_origin[/api/audit?limit=50-https://safequake.onrender.com]" time="0.003" /><testcase classname="backend.tests.test_cors_iteration_24" name="test_get_actual_request_allowed_origin[/api/audit?limit=50-https://quakeangel.app]" time="0.003" /><testcase classname="backend.tests.test_cors_iteration_24" name="test_get_actual_request_allowed_origin[/api/audit?limit=50-https://www.quakeangel.app]" time="0.003" /><testcase classname="backend.tests.test_cors_iteration_24" name="test_get_actual_request_allowed_origin[/api/audit?limit=50-https://london.quakeangel.app]" time="0.003" /><testcase classname="backend.tests.test_cors_iteration_24" name="test_get_actual_request_allowed_origin[/api/audit?limit=50-http://localhost:5173]" time="0.003" /><testcase classname="backend.tests.test_cors_iteration_24" name="test_get_devices_returns_devices_array" time="0.002" /><testcase classname="backend.tests.test_cors_iteration_24" name="test_options_preflight_post_endpoints[/api/mark-rescued-https://malta.quakeangel.app]" time="0.001" /><testcase classname="backend.tests.test_cors_iteration_24" name="test_options_preflight_post_endpoints[/api/mark-rescued-https://safequake.onrender.com]" time="0.001" /><testcase classname="backend.tests.test_cors_iteration_24" name="test_options_preflight_post_endpoints[/api/mark-rescued-https://quakeangel.app]" time="0.001" /><testcase classname="backend.tests.test_cors_iteration_24" name="test_options_preflight_post_endpoints[/api/mark-rescued-https://www.quakeangel.app]" time="0.001" /><testcase classname="backend.tests.test_cors_iteration_24" name="test_options_preflight_post_endpoints[/api/mark-rescued-https://london.quakeangel.app]" time="0.001" /><testcase classname="backend.tests.test_cors_iteration_24" name="test_options_preflight_post_endpoints[/api/mark-rescued-http://localhost:5173]" time="0.001" /><testcase classname="backend.tests.test_cors_iteration_24" name="test_options_preflight_post_endpoints[/api/trigger-alert-https://malta.quakeangel.app]" time="0.001" /><testcase classname="backend.tests.test_cors_iteration_24" name="test_options_preflight_post_endpoints[/api/trigger-alert-https://safequake.onrender.com]" time="0.001" /><testcase classname="backend.tests.test_cors_iteration_24" name="test_options_preflight_post_endpoints[/api/trigger-alert-https://quakeangel.app]" time="0.001" /><testcase classname="backend.tests.test_cors_iteration_24" name="test_options_preflight_post_endpoints[/api/trigger-alert-https://www.quakeangel.app]" time="0.001" /><testcase classname="backend.tests.test_cors_iteration_24" name="test_options_preflight_post_endpoints[/api/trigger-alert-https://london.quakeangel.app]" time="0.001" /><testcase classname="backend.tests.test_cors_iteration_24" name="test_options_preflight_post_endpoints[/api/trigger-alert-http://localhost:5173]" time="0.001" /><testcase classname="backend.tests.test_cors_iteration_24" name="test_options_preflight_rejected_origin[/api/devices-https://evil.example.com]" time="0.001" /><testcase classname="backend.tests.test_cors_iteration_24" name="test_options_preflight_rejected_origin[/api/devices-http://malta.quakeangel.app]" time="0.001" /><testcase classname="backend.tests.test_cors_iteration_24" name="test_options_preflight_rejected_origin[/api/devices-https://quakeangel.app.evil.com]" time="0.001" /><testcase classname="backend.tests.test_cors_iteration_24" name="test_options_preflight_rejected_origin[/api/audit?limit=50-https://evil.example.com]" time="0.001" /><testcase classname="backend.tests.test_cors_iteration_24" name="test_options_preflight_rejected_origin[/api/audit?limit=50-http://malta.quakeangel.app]" time="0.001" /><testcase classname="backend.tests.test_cors_iteration_24" name="test_options_preflight_rejected_origin[/api/audit?limit=50-https://quakeangel.app.evil.com]" time="0.001" /><testcase classname="backend.tests.test_cors_iteration_24" name="test_get_rejected_origin_no_acao[/api/devices-https://evil.example.com]" time="0.003" /><testcase classname="backend.tests.test_cors_iteration_24" name="test_get_rejected_origin_no_acao[/api/devices-http://malta.quakeangel.app]" time="0.002" /><testcase classname="backend.tests.test_cors_iteration_24" name="test_get_rejected_origin_no_acao[/api/devices-https://quakeangel.app.evil.com]" time="0.002" /><testcase classname="backend.tests.test_cors_iteration_24" name="test_get_rejected_origin_no_acao[/api/audit?limit=50-https://evil.example.com]" time="0.003" /><testcase classname="backend.tests.test_cors_iteration_24" name="test_get_rejected_origin_no_acao[/api/audit?limit=50-http://malta.quakeangel.app]" time="0.003" /><testcase classname="backend.tests.test_cors_iteration_24" name="test_get_rejected_origin_no_acao[/api/audit?limit=50-https://quakeangel.app.evil.com]" time="0.003" /></testsuite></testsuites>