<?xml version="1.0" encoding="utf-8"?><testsuites name="pytest tests"><testsuite name="pytest" errors="0" failures="1" skipped="0" tests="20" time="1.583" timestamp="2026-07-26T17:26:09.050016+00:00" hostname="agent-env-ea485c6a-d70d-479a-a125-087772306848"><testcase classname="backend.tests.test_purge_browser.TestSeed" name="test_seed_all_rows" time="0.339" /><testcase classname="backend.tests.test_purge_browser.TestGetAuth" name="test_no_token" time="0.042" /><testcase classname="backend.tests.test_purge_browser.TestGetAuth" name="test_wrong_token" time="0.042" /><testcase classname="backend.tests.test_purge_browser.TestPreview" name="test_preview_shows_4_rows_and_no_delete" time="0.129" /><testcase classname="backend.tests.test_purge_browser.TestConfirmDelete" name="test_confirm_deletes_4" time="0.044" /><testcase classname="backend.tests.test_purge_browser.TestConfirmDelete" name="test_idempotent_second_confirm" time="0.044" /><testcase classname="backend.tests.test_purge_browser.TestConfirmDelete" name="test_preview_now_empty" time="0.043" /><testcase classname="backend.tests.test_purge_browser.TestPostVariant" name="test_post_no_header_401" time="0.043" /><testcase classname="backend.tests.test_purge_browser.TestPostVariant" name="test_post_with_header_200" time="0.095" /><testcase classname="backend.tests.test_purge_browser.TestHtmlEscaping" name="test_script_tag_in_user_id_not_executed" time="0.138"><failure message="AssertionError: SECURITY: user_id containing &lt;script&gt; was rendered unescaped -&gt; XSS risk&#10;assert '&lt;script&gt;alert(1)&lt;/script&gt;' not in '&lt;!doctype h...body&gt;&lt;/html&gt;'&#10;  &#10;  '&lt;script&gt;alert(1)&lt;/script&gt;' is contained here:&#10;    &lt;!doctype html&gt;&lt;html&gt;&lt;head&gt;&#10;    &lt;title&gt;Purge test devices — preview&lt;/title&gt;&#10;    &lt;meta name=&quot;viewport&quot; content=&quot;width=device-width,initial-scale=1&quot;&gt;&#10;    &lt;style&gt;body{font-family:-apple-system,Segoe UI,sans-serif;padding:24px;max-width:640px;margin:0 auto;background:#fafafa}&#10;    .card{border:1px solid #ddd;border-radius:12px;padding:20px;background:#fff}...&#10;  &#10;  ...Full output truncated (15 lines hidden), use '-vv' to show">backend/tests/test_purge_browser.py:160: in test_script_tag_in_user_id_not_executed
    assert "&lt;script&gt;alert(1)&lt;/script&gt;" not in r.text, (
E   AssertionError: SECURITY: user_id containing &lt;script&gt; was rendered unescaped -&gt; XSS risk
E   assert '&lt;script&gt;alert(1)&lt;/script&gt;' not in '&lt;!doctype h...body&gt;&lt;/html&gt;'
E     
E     '&lt;script&gt;alert(1)&lt;/script&gt;' is contained here:
E       &lt;!doctype html&gt;&lt;html&gt;&lt;head&gt;
E       &lt;title&gt;Purge test devices — preview&lt;/title&gt;
E       &lt;meta name="viewport" content="width=device-width,initial-scale=1"&gt;
E       &lt;style&gt;body{font-family:-apple-system,Segoe UI,sans-serif;padding:24px;max-width:640px;margin:0 auto;background:#fafafa}
E       .card{border:1px solid #ddd;border-radius:12px;padding:20px;background:#fff}...
E     
E     ...Full output truncated (15 lines hidden), use '-vv' to show</failure></testcase><testcase classname="backend.tests.test_purge_browser.TestRegression" name="test_trigger_alert_still_200" time="0.050" /><testcase classname="backend.tests.test_purge_browser.TestRegression" name="test_register_push_upserts" time="0.145" /><testcase classname="backend.tests.test_purge_browser.TestRegression" name="test_status_get_and_post" time="0.086" /><testcase classname="backend.tests.test_purge_browser.TestRegression" name="test_debug_endpoints_removed[/api/debug/last-push-events]" time="0.042" /><testcase classname="backend.tests.test_purge_browser.TestRegression" name="test_debug_endpoints_removed[/api/debug/test-push-browser]" time="0.042" /><testcase classname="backend.tests.test_purge_browser.TestRegression" name="test_debug_endpoints_removed[/api/debug/recipients-sample]" time="0.042" /><testcase classname="backend.tests.test_purge_browser.TestRegression" name="test_debug_endpoints_removed[/api/debug/probe-push]" time="0.043" /><testcase classname="backend.tests.test_purge_browser.TestRegression" name="test_debug_endpoints_removed[/api/debug/full-recipient-list]" time="0.042" /><testcase classname="backend.tests.test_purge_browser.TestRegression" name="test_debug_endpoints_removed[/api/debug/register-push-capture]" time="0.042" /><testcase classname="backend.tests.test_purge_browser.TestRegression" name="test_shared_helper_used" time="0.000" /></testsuite></testsuites>