<?xml version="1.0" encoding="utf-8"?><testsuites name="pytest tests"><testsuite name="pytest" errors="0" failures="0" skipped="0" tests="20" time="1.874" timestamp="2026-08-04T13:52:33.298802+00:00" hostname="agent-env-ea485c6a-d70d-479a-a125-087772306848"><testcase classname="backend.tests.test_display_name_iteration_25" name="test_status_display_name_sanitization[omitted]" time="0.050" /><testcase classname="backend.tests.test_display_name_iteration_25" name="test_status_display_name_sanitization[null]" time="0.086" /><testcase classname="backend.tests.test_display_name_iteration_25" name="test_status_display_name_sanitization[empty]" time="0.086" /><testcase classname="backend.tests.test_display_name_iteration_25" name="test_status_display_name_sanitization[whitespace]" time="0.086" /><testcase classname="backend.tests.test_display_name_iteration_25" name="test_status_display_name_sanitization[simple]" time="0.086" /><testcase classname="backend.tests.test_display_name_iteration_25" name="test_status_display_name_sanitization[trimmed]" time="0.087" /><testcase classname="backend.tests.test_display_name_iteration_25" name="test_status_display_name_sanitization[unicode_latin]" time="0.087" /><testcase classname="backend.tests.test_display_name_iteration_25" name="test_status_display_name_sanitization[unicode_cjk]" time="0.086" /><testcase classname="backend.tests.test_display_name_iteration_25" name="test_status_display_name_sanitization[control_chars]" time="0.087" /><testcase classname="backend.tests.test_display_name_iteration_25" name="test_status_display_name_sanitization[length_cap]" time="0.087" /><testcase classname="backend.tests.test_display_name_iteration_25" name="test_devices_short_code_uppercase_last5" time="0.087" /><testcase classname="backend.tests.test_display_name_iteration_25" name="test_devices_short_code_none_for_short_id" time="0.130" /><testcase classname="backend.tests.test_display_name_iteration_25" name="test_devices_backwards_compat_fields" time="0.086" /><testcase classname="backend.tests.test_display_name_iteration_25" name="test_audit_status_event_has_short_code_and_display_name" time="0.087" /><testcase classname="backend.tests.test_display_name_iteration_25" name="test_audit_all_status_rescued_reverted_have_fields" time="0.044" /><testcase classname="backend.tests.test_display_name_iteration_25" name="test_mark_rescued_carries_display_name" time="0.128" /><testcase classname="backend.tests.test_display_name_iteration_25" name="test_unmark_rescued_carries_display_name" time="0.215" /><testcase classname="backend.tests.test_display_name_iteration_25" name="test_cors_debug_shape" time="0.041" /><testcase classname="backend.tests.test_display_name_iteration_25" name="test_trigger_alert_wrong_token_401" time="0.042" /><testcase classname="backend.tests.test_display_name_iteration_25" name="test_trigger_alert_correct_token_200" time="0.084" /></testsuite></testsuites>