<?xml version="1.0" encoding="utf-8"?><testsuites name="pytest tests"><testsuite name="pytest" errors="0" failures="0" skipped="0" tests="19" time="8.793" timestamp="2026-08-06T14:21:38.335024+00:00" hostname="agent-env-ea485c6a-d70d-479a-a125-087772306848"><testcase classname="backend.tests.test_entitlement_iteration_28.TestGetEntitlementValidation" name="test_new_device_returns_never_subscribed" time="0.164" /><testcase classname="backend.tests.test_entitlement_iteration_28.TestGetEntitlementValidation" name="test_missing_device_id_returns_422_or_400" time="0.113" /><testcase classname="backend.tests.test_entitlement_iteration_28.TestGetEntitlementValidation" name="test_short_device_id_returns_400" time="0.121" /><testcase classname="backend.tests.test_entitlement_iteration_28.TestOverrideAuth" name="test_no_auth_returns_401_or_403" time="0.127" /><testcase classname="backend.tests.test_entitlement_iteration_28.TestOverrideAuth" name="test_invalid_state_returns_400" time="0.150" /><testcase classname="backend.tests.test_entitlement_iteration_28.TestOverrideAuth" name="test_invalid_expiration_reason_returns_400" time="0.110" /><testcase classname="backend.tests.test_entitlement_iteration_28.TestOverrideAuth" name="test_grace_days_over_max_returns_422" time="0.115" /><testcase classname="backend.tests.test_entitlement_iteration_28.TestStateMachine" name="test_grace_billing_issue" time="3.450" /><testcase classname="backend.tests.test_entitlement_iteration_28.TestStateMachine" name="test_lapsed_voluntary" time="0.246" /><testcase classname="backend.tests.test_entitlement_iteration_28.TestStateMachine" name="test_lapsed_billing_issue" time="0.258" /><testcase classname="backend.tests.test_entitlement_iteration_28.TestStateMachine" name="test_active_no_banner" time="0.222" /><testcase classname="backend.tests.test_entitlement_iteration_28.TestStateMachine" name="test_clear_override_returns_default" time="0.701" /><testcase classname="backend.tests.test_entitlement_iteration_28.TestStateMachine" name="test_clear_on_never_seen_device_yields_default" time="0.233" /><testcase classname="backend.tests.test_entitlement_iteration_28.TestSafetyInvariants" name="test_critical_alerts_active_invariant_all_states" time="1.106" /><testcase classname="backend.tests.test_entitlement_iteration_28.TestSafetyInvariants" name="test_critical_phrase_in_every_banner_body" time="0.741" /><testcase classname="backend.tests.test_entitlement_iteration_28.TestHistoryAudit" name="test_state_transition_appends_history" time="0.130" /><testcase classname="backend.tests.test_entitlement_iteration_28.TestHistoryAudit" name="test_idempotent_override_no_duplicate_history" time="0.364" /><testcase classname="backend.tests.test_entitlement_iteration_28.TestAutoTransitions" name="test_active_past_period_end_becomes_grace" time="0.131" /><testcase classname="backend.tests.test_entitlement_iteration_28.TestAutoTransitions" name="test_grace_past_grace_ends_becomes_lapsed" time="0.125" /></testsuite></testsuites>