<?xml version="1.0" encoding="utf-8"?><testsuites name="pytest tests"><testsuite name="pytest" errors="0" failures="0" skipped="0" tests="21" time="1.600" timestamp="2026-07-26T17:29:34.174474+00:00" hostname="agent-env-ea485c6a-d70d-479a-a125-087772306848"><testcase classname="backend.tests.test_purge_browser.TestSeed" name="test_seed_all_rows" time="0.319" /><testcase classname="backend.tests.test_purge_browser.TestGetAuth" name="test_no_token" time="0.042" /><testcase classname="backend.tests.test_purge_browser.TestGetAuth" name="test_wrong_token" time="0.042" /><testcase classname="backend.tests.test_purge_browser.TestPreview" name="test_preview_shows_4_rows_and_no_delete" time="0.130" /><testcase classname="backend.tests.test_purge_browser.TestConfirmDelete" name="test_confirm_deletes_4" time="0.044" /><testcase classname="backend.tests.test_purge_browser.TestConfirmDelete" name="test_idempotent_second_confirm" time="0.045" /><testcase classname="backend.tests.test_purge_browser.TestConfirmDelete" name="test_preview_now_empty" time="0.043" /><testcase classname="backend.tests.test_purge_browser.TestPostVariant" name="test_post_no_header_401" time="0.042" /><testcase classname="backend.tests.test_purge_browser.TestPostVariant" name="test_post_with_header_200" time="0.098" /><testcase classname="backend.tests.test_purge_browser.TestHtmlEscaping" name="test_script_tag_in_user_id_not_executed" time="0.135" /><testcase classname="backend.tests.test_purge_browser.TestHtmlEscaping" name="test_confirm_href_escapes_token" time="0.045" /><testcase classname="backend.tests.test_purge_browser.TestRegression" name="test_trigger_alert_still_200" time="0.051" /><testcase classname="backend.tests.test_purge_browser.TestRegression" name="test_register_push_upserts" time="0.149" /><testcase classname="backend.tests.test_purge_browser.TestRegression" name="test_status_get_and_post" time="0.088" /><testcase classname="backend.tests.test_purge_browser.TestRegression" name="test_debug_endpoints_removed[/api/debug/last-push-events]" time="0.042" /><testcase classname="backend.tests.test_purge_browser.TestRegression" name="test_debug_endpoints_removed[/api/debug/test-push-browser]" time="0.042" /><testcase classname="backend.tests.test_purge_browser.TestRegression" name="test_debug_endpoints_removed[/api/debug/recipients-sample]" time="0.042" /><testcase classname="backend.tests.test_purge_browser.TestRegression" name="test_debug_endpoints_removed[/api/debug/probe-push]" time="0.042" /><testcase classname="backend.tests.test_purge_browser.TestRegression" name="test_debug_endpoints_removed[/api/debug/full-recipient-list]" time="0.042" /><testcase classname="backend.tests.test_purge_browser.TestRegression" name="test_debug_endpoints_removed[/api/debug/register-push-capture]" time="0.042" /><testcase classname="backend.tests.test_purge_browser.TestRegression" name="test_shared_helper_used" time="0.000" /></testsuite></testsuites>