<?xml version="1.0" encoding="utf-8"?><testsuites name="pytest tests"><testsuite name="pytest" errors="0" failures="0" skipped="0" tests="9" time="1.327" timestamp="2026-08-06T13:26:46.945194+00:00" hostname="agent-env-ea485c6a-d70d-479a-a125-087772306848"><testcase classname="backend.tests.test_notification_presets_iteration_26.TestNotificationPresetGET" name="test_unknown_device_returns_default_noticeable" time="0.343" /><testcase classname="backend.tests.test_notification_presets_iteration_26.TestNotificationPresetPOST" name="test_valid_presets_persist[off]" time="0.138" /><testcase classname="backend.tests.test_notification_presets_iteration_26.TestNotificationPresetPOST" name="test_valid_presets_persist[significant]" time="0.125" /><testcase classname="backend.tests.test_notification_presets_iteration_26.TestNotificationPresetPOST" name="test_valid_presets_persist[noticeable]" time="0.124" /><testcase classname="backend.tests.test_notification_presets_iteration_26.TestNotificationPresetPOST" name="test_valid_presets_persist[everything]" time="0.125" /><testcase classname="backend.tests.test_notification_presets_iteration_26.TestNotificationPresetPOST" name="test_invalid_preset_returns_4xx" time="0.063" /><testcase classname="backend.tests.test_notification_presets_iteration_26.TestNotificationPresetPOST" name="test_missing_device_id_returns_4xx" time="0.065" /><testcase classname="backend.tests.test_notification_presets_iteration_26.TestNotificationPresetPOST" name="test_empty_preset_returns_4xx" time="0.231" /><testcase classname="backend.tests.test_notification_presets_iteration_26.TestNotificationPresetPOST" name="test_case_insensitive_or_normalized" time="0.058" /></testsuite></testsuites>