<?xml version="1.0" encoding="utf-8"?><testsuites name="pytest tests"><testsuite name="pytest" errors="0" failures="0" skipped="0" tests="13" time="1.397" timestamp="2026-07-26T17:16:59.163975+00:00" hostname="agent-env-ea485c6a-d70d-479a-a125-087772306848"><testcase classname="backend.tests.test_cleanup_iteration_19.TestDebugEndpointsRemoved" name="test_debug_devices_get" time="0.156" /><testcase classname="backend.tests.test_cleanup_iteration_19.TestDebugEndpointsRemoved" name="test_debug_test_push_get" time="0.052" /><testcase classname="backend.tests.test_cleanup_iteration_19.TestDebugEndpointsRemoved" name="test_debug_test_push_post" time="0.059" /><testcase classname="backend.tests.test_cleanup_iteration_19.TestDebugEndpointsRemoved" name="test_debug_last_push_events" time="0.045" /><testcase classname="backend.tests.test_cleanup_iteration_19.TestDebugEndpointsRemoved" name="test_debug_probe_push" time="0.044" /><testcase classname="backend.tests.test_cleanup_iteration_19.TestPurgeTestDevices" name="test_no_header_returns_401" time="0.042" /><testcase classname="backend.tests.test_cleanup_iteration_19.TestPurgeTestDevices" name="test_wrong_header_returns_401" time="0.042" /><testcase classname="backend.tests.test_cleanup_iteration_19.TestPurgeTestDevices" name="test_purge_seeded_rows_and_leaves_real_row" time="0.475" /><testcase classname="backend.tests.test_cleanup_iteration_19.TestTriggerAlert" name="test_trigger_alert_ok" time="0.070" /><testcase classname="backend.tests.test_cleanup_iteration_19.TestTriggerAlert" name="test_trigger_alert_unauthorized" time="0.045" /><testcase classname="backend.tests.test_cleanup_iteration_19.TestRegisterPush" name="test_register_push_upserts" time="0.206" /><testcase classname="backend.tests.test_cleanup_iteration_19.TestLegacyStatus" name="test_status_post_and_get" time="0.095" /><testcase classname="backend.tests.test_cleanup_iteration_19.TestSourceHygiene" name="test_no_last_push_events_in_source" time="0.001" /></testsuite></testsuites>