<?xml version="1.0" encoding="utf-8"?><testsuites name="pytest tests"><testsuite name="pytest" errors="0" failures="2" skipped="0" tests="21" time="1.750" timestamp="2026-08-06T13:50:52.264367+00:00" hostname="agent-env-ea485c6a-d70d-479a-a125-087772306848"><testcase classname="tests.test_seismic_map.TestShape" name="test_returns_200_no_auth" time="0.222" /><testcase classname="tests.test_seismic_map.TestShape" name="test_body_has_required_keys" time="0.067" /><testcase classname="tests.test_seismic_map.TestShape" name="test_default_window_is_168" time="0.058" /><testcase classname="tests.test_seismic_map.TestShape" name="test_attribution_exact_string" time="0.077" /><testcase classname="tests.test_seismic_map.TestShape" name="test_bbox_constants" time="0.057" /><testcase classname="tests.test_seismic_map.TestShape" name="test_count_matches_events_length" time="0.065" /><testcase classname="tests.test_seismic_map.TestShape" name="test_no_raw_field_in_events" time="0.062" /><testcase classname="tests.test_seismic_map.TestWindowHours" name="test_window_24_echoed" time="0.060" /><testcase classname="tests.test_seismic_map.TestWindowHours" name="test_window_out_of_range_clamped_to_720_not_400" time="0.058" /><testcase classname="tests.test_seismic_map.TestWindowHours" name="test_window_zero_clamped_to_1" time="0.059"><failure message="assert 168 == 1">tests/test_seismic_map.py:127: in test_window_zero_clamped_to_1
    assert r.json()["window_hours"] == 1
E   assert 168 == 1</failure></testcase><testcase classname="tests.test_seismic_map.TestWindowHours" name="test_window_negative_clamped_to_1" time="0.059" /><testcase classname="tests.test_seismic_map.TestLimit" name="test_limit_huge_clamped_to_500" time="0.059" /><testcase classname="tests.test_seismic_map.TestLimit" name="test_limit_zero_accepted" time="0.056"><failure message="AssertionError: assert 2 &lt;= 1&#10; +  where 2 = len([{'provider': 'EMSC', 'external_id': '20260806_0000141', 'revision': 1, 'observed_at': '2026-08-06T10:22:21.200000', ...}, {'provider': 'EMSC', 'external_id': '20260806_0000135', 'revision': 3, 'observed_at': '2026-08-06T09:57:40.490000', ...}])">tests/test_seismic_map.py:147: in test_limit_zero_accepted
    assert len(r.json()["events"]) &lt;= 1
E   AssertionError: assert 2 &lt;= 1
E    +  where 2 = len([{'provider': 'EMSC', 'external_id': '20260806_0000141', 'revision': 1, 'observed_at': '2026-08-06T10:22:21.200000', ...}, {'provider': 'EMSC', 'external_id': '20260806_0000135', 'revision': 3, 'observed_at': '2026-08-06T09:57:40.490000', ...}])</failure></testcase><testcase classname="tests.test_seismic_map.TestLiveDataInvariants" name="test_all_events_within_bbox" time="0.058" /><testcase classname="tests.test_seismic_map.TestLiveDataInvariants" name="test_all_events_within_window" time="0.133" /><testcase classname="tests.test_seismic_map.TestLiveDataInvariants" name="test_events_sorted_newest_first" time="0.056" /><testcase classname="tests.test_seismic_map.TestDedup" name="test_same_provider_revisions_keep_highest" time="0.066" /><testcase classname="tests.test_seismic_map.TestDedup" name="test_cross_provider_dedup_merges" time="0.063" /><testcase classname="tests.test_seismic_map.TestDedup" name="test_seeded_event_within_bbox" time="0.061" /><testcase classname="tests.test_seismic_map.TestDedup" name="test_seeded_event_outside_bbox_excluded" time="0.072" /><testcase classname="tests.test_seismic_map.TestDedup" name="test_seeded_event_outside_window_excluded" time="0.063" /></testsuite></testsuites>