<?xml version="1.0" encoding="utf-8"?><testsuites name="pytest tests"><testsuite name="pytest" errors="0" failures="0" skipped="0" tests="27" time="0.521" timestamp="2026-07-27T07:14:20.613143+00:00" hostname="agent-env-ea485c6a-d70d-479a-a125-087772306848"><testcase classname="backend.tests.test_critical_alerts.TestAppJsonConfig" name="test_version_bumped_to_1_0_8" time="0.000" /><testcase classname="backend.tests.test_critical_alerts.TestAppJsonConfig" name="test_ios_bundle_identifier_unchanged" time="0.000" /><testcase classname="backend.tests.test_critical_alerts.TestAppJsonConfig" name="test_ios_entitlements_have_aps_environment_production" time="0.000" /><testcase classname="backend.tests.test_critical_alerts.TestAppJsonConfig" name="test_ios_entitlements_have_critical_alerts_true" time="0.000" /><testcase classname="backend.tests.test_critical_alerts.TestAppJsonConfig" name="test_expo_notifications_plugin_production_mode" time="0.000" /><testcase classname="backend.tests.test_critical_alerts.TestRemindersTs" name="test_allow_critical_alerts_true" time="0.000" /><testcase classname="backend.tests.test_critical_alerts.TestRemindersTs" name="test_interruption_level_critical" time="0.000" /><testcase classname="backend.tests.test_critical_alerts.TestRemindersTs" name="test_sound_default_preserved" time="0.000" /><testcase classname="backend.tests.test_critical_alerts.TestPushTs" name="test_allow_critical_alerts_true" time="0.000" /><testcase classname="backend.tests.test_critical_alerts.TestServerTriggerPayload" name="test_trigger_alert_sends_interruption_level_critical" time="0.000" /><testcase classname="backend.tests.test_critical_alerts.TestServerTriggerPayload" name="test_trigger_alert_sends_sound_dict" time="0.000" /><testcase classname="backend.tests.test_critical_alerts.TestServerTriggerPayload" name="test_send_push_still_enforces_title_and_message" time="0.000" /><testcase classname="backend.tests.test_critical_alerts.TestTriggerAlertEndpoint" name="test_no_admin_token_returns_401" time="0.004" /><testcase classname="backend.tests.test_critical_alerts.TestTriggerAlertEndpoint" name="test_wrong_admin_token_returns_401" time="0.041" /><testcase classname="backend.tests.test_critical_alerts.TestTriggerAlertEndpoint" name="test_valid_admin_token_returns_200_with_schema" time="0.113" /><testcase classname="backend.tests.test_critical_alerts.TestNeighbouringEndpoints" name="test_status_get_ok" time="0.004" /><testcase classname="backend.tests.test_critical_alerts.TestNeighbouringEndpoints" name="test_status_post_ok" time="0.043" /><testcase classname="backend.tests.test_critical_alerts.TestNeighbouringEndpoints" name="test_register_push_still_upserts_row" time="0.053" /><testcase classname="backend.tests.test_critical_alerts.TestNeighbouringEndpoints" name="test_purge_test_devices_post_401_without_token" time="0.042" /><testcase classname="backend.tests.test_critical_alerts.TestNeighbouringEndpoints" name="test_purge_test_devices_post_200_with_token" time="0.044" /><testcase classname="backend.tests.test_critical_alerts.TestNeighbouringEndpoints" name="test_purge_get_page_reachable_with_token" time="0.044" /><testcase classname="backend.tests.test_critical_alerts.TestDebugEndpointsGone" name="test_debug_endpoint_404[/api/debug/last-push-events]" time="0.002" /><testcase classname="backend.tests.test_critical_alerts.TestDebugEndpointsGone" name="test_debug_endpoint_404[/api/debug/test-push]" time="0.001" /><testcase classname="backend.tests.test_critical_alerts.TestDebugEndpointsGone" name="test_debug_endpoint_404[/api/debug/recipients-sample]" time="0.001" /><testcase classname="backend.tests.test_critical_alerts.TestDebugEndpointsGone" name="test_debug_endpoint_404[/api/debug/full-recipient-list]" time="0.001" /><testcase classname="backend.tests.test_critical_alerts.TestDebugEndpointsGone" name="test_debug_endpoint_404[/api/debug/probe-push]" time="0.001" /><testcase classname="backend.tests.test_critical_alerts.TestDebugEndpointsGone" name="test_debug_endpoint_404[/api/debug/register-push-capture]" time="0.001" /></testsuite></testsuites>