<?xml version="1.0" encoding="utf-8"?><testsuites name="pytest tests"><testsuite name="pytest" errors="0" failures="0" skipped="0" tests="10" time="0.182" timestamp="2026-07-22T10:16:32.960074+00:00" hostname="agent-env-ea485c6a-d70d-479a-a125-087772306848"><testcase classname="backend.tests.test_admin_gate.TestHealth" name="test_api_root_ok" time="0.004" /><testcase classname="backend.tests.test_admin_gate.TestTriggerAlertGate" name="test_missing_token_returns_401" time="0.002" /><testcase classname="backend.tests.test_admin_gate.TestTriggerAlertGate" name="test_wrong_token_returns_401" time="0.002" /><testcase classname="backend.tests.test_admin_gate.TestTriggerAlertGate" name="test_correct_token_returns_200_broadcast" time="0.040" /><testcase classname="backend.tests.test_admin_gate.TestCorsPreflight" name="test_preflight_trigger_alert" time="0.002" /><testcase classname="backend.tests.test_admin_gate.TestRegisterPushNotGated" name="test_register_push_writes_local_db_even_when_upstream_fails" time="0.019" /><testcase classname="backend.tests.test_admin_gate.TestLegacyStatus" name="test_status_post_no_gate" time="0.003" /><testcase classname="backend.tests.test_admin_gate.TestLegacyStatus" name="test_status_get_no_gate" time="0.042" /><testcase classname="backend.tests.test_admin_gate.TestDashboardSnippet" name="test_snippet_has_required_elements" time="0.000" /><testcase classname="backend.tests.test_admin_gate.TestDashboardSnippet" name="test_snippet_js_syntax_balanced" time="0.000" /></testsuite></testsuites>