<?xml version="1.0" encoding="utf-8"?><testsuites name="pytest tests"><testsuite name="pytest" errors="0" failures="0" skipped="0" tests="24" time="2.520" timestamp="2026-07-24T14:13:39.487015+00:00" hostname="agent-env-ea485c6a-d70d-479a-a125-087772306848"><testcase classname="backend.tests.test_full_recipient_list.TestFullRecipientList" name="test_seven_devices_registered" time="2.025" /><testcase classname="backend.tests.test_full_recipient_list.TestFullRecipientList" name="test_test_push_renders_all_seven_recipients" time="0.047" /><testcase classname="backend.tests.test_full_recipient_list.TestFullRecipientList" name="test_scrollable_div_wraps_recipient_list" time="0.009" /><testcase classname="backend.tests.test_full_recipient_list.TestFullRecipientList" name="test_recipients_are_br_joined_not_comma" time="0.002" /><testcase classname="backend.tests.test_full_recipient_list.TestFullRecipientList" name="test_no_more_not_captured_note_under_normal_ops" time="0.001" /><testcase classname="backend.tests.test_full_recipient_list.TestFullRecipientList" name="test_html_escape_on_user_ids" time="0.017" /><testcase classname="backend.tests.test_full_recipient_list.TestServerPyCode" name="test_recipients_sample_uses_200_not_5" time="0.001" /><testcase classname="backend.tests.test_full_recipient_list.TestServerPyCode" name="test_render_uses_recipient_list_label" time="0.000" /><testcase classname="backend.tests.test_full_recipient_list.TestServerPyCode" name="test_scrollable_div_style_present" time="0.000" /><testcase classname="backend.tests.test_full_recipient_list.TestServerPyCode" name="test_html_escape_applied_per_user_id" time="0.000" /><testcase classname="backend.tests.test_full_recipient_list.TestServerPyCode" name="test_more_not_captured_only_when_total_gt_shown" time="0.000" /><testcase classname="backend.tests.test_full_recipient_list.TestRegression" name="test_trigger_alert_200_contract" time="0.012" /><testcase classname="backend.tests.test_full_recipient_list.TestRegression" name="test_trigger_alert_card_shows_full_recipient_list" time="0.002" /><testcase classname="backend.tests.test_full_recipient_list.TestRegression" name="test_probe_push_variants_render_full_recipient_list[A]" time="0.010" /><testcase classname="backend.tests.test_full_recipient_list.TestRegression" name="test_probe_push_variants_render_full_recipient_list[B]" time="0.009" /><testcase classname="backend.tests.test_full_recipient_list.TestRegression" name="test_probe_push_variants_render_full_recipient_list[C]" time="0.009" /><testcase classname="backend.tests.test_full_recipient_list.TestRegression" name="test_probe_push_variants_render_full_recipient_list[D]" time="0.008" /><testcase classname="backend.tests.test_full_recipient_list.TestRegression" name="test_probe_push_variants_render_full_recipient_list[E]" time="0.012" /><testcase classname="backend.tests.test_full_recipient_list.TestRegression" name="test_probe_push_variants_render_full_recipient_list[F]" time="0.010" /><testcase classname="backend.tests.test_full_recipient_list.TestRegression" name="test_register_event_shows_user_id_and_platform" time="0.012" /><testcase classname="backend.tests.test_full_recipient_list.TestRegression" name="test_ring_buffer_bounded_at_20" time="0.217" /><testcase classname="backend.tests.test_full_recipient_list.TestRegression" name="test_legacy_status_get_post" time="0.004" /><testcase classname="backend.tests.test_full_recipient_list.TestRegression" name="test_send_push_500_on_upstream_401_contract" time="0.008" /><testcase classname="backend.tests.test_full_recipient_list.TestRegression" name="test_debug_devices_unchanged" time="0.023" /></testsuite></testsuites>